The system is: Windows - 10.0.19043 - AMD64
Compiling the C compiler identification source file "CMakeCCompilerId.c" succeeded.
Compiler: C:/Program Files/Microsoft Visual Studio/2022/Community/VC/Tools/MSVC/14.35.32215/bin/Hostx86/x86/cl.exe 
Build flags: 
Id flags:  

The output was:
0
Оптимизирующий компилятор Microsoft (R) C/C++ версии 19.35.32215 для x86
(C) Корпорация Майкрософт (Microsoft Corporation).  Все права защищены.

CMakeCCompilerId.c
Microsoft (R) Incremental Linker Version 14.35.32215.0
Copyright (C) Microsoft Corporation.  All rights reserved.

/out:CMakeCCompilerId.exe 
CMakeCCompilerId.obj 


Compilation of the C compiler identification source "CMakeCCompilerId.c" produced "CMakeCCompilerId.exe"

Compilation of the C compiler identification source "CMakeCCompilerId.c" produced "CMakeCCompilerId.obj"

The C compiler identification is MSVC, found in "C:/MyWork/Task2/cmake-build-debug/CMakeFiles/3.24.2/CompilerIdC/CMakeCCompilerId.exe"

Compiling the CXX compiler identification source file "CMakeCXXCompilerId.cpp" succeeded.
Compiler: C:/Program Files/Microsoft Visual Studio/2022/Community/VC/Tools/MSVC/14.35.32215/bin/Hostx86/x86/cl.exe 
Build flags: 
Id flags:  

The output was:
0
Оптимизирующий компилятор Microsoft (R) C/C++ версии 19.35.32215 для x86
(C) Корпорация Майкрософт (Microsoft Corporation).  Все права защищены.

CMakeCXXCompilerId.cpp
Microsoft (R) Incremental Linker Version 14.35.32215.0
Copyright (C) Microsoft Corporation.  All rights reserved.

/out:CMakeCXXCompilerId.exe 
CMakeCXXCompilerId.obj 


Compilation of the CXX compiler identification source "CMakeCXXCompilerId.cpp" produced "CMakeCXXCompilerId.exe"

Compilation of the CXX compiler identification source "CMakeCXXCompilerId.cpp" produced "CMakeCXXCompilerId.obj"

The CXX compiler identification is MSVC, found in "C:/MyWork/Task2/cmake-build-debug/CMakeFiles/3.24.2/CompilerIdCXX/CMakeCXXCompilerId.exe"

Detecting C compiler ABI info compiled with the following output:
Change Dir: C:/MyWork/Task2/cmake-build-debug/CMakeFiles/CMakeTmp

Run Build Command(s):nmake -f Makefile /nologo cmTC_47e56\fast && 	"C:\Program Files\Microsoft Visual Studio\2022\Community\VC\Tools\MSVC\14.35.32215\bin\HostX86\x86\nmake.exe"  -f CMakeFiles\cmTC_47e56.dir\build.make /nologo -L                  CMakeFiles\cmTC_47e56.dir\build
Building C object CMakeFiles/cmTC_47e56.dir/CMakeCCompilerABI.c.obj
	"C:\Program Files\JetBrains\CLion 2022.3.3\bin\cmake\win\x64\bin\cmake.exe" -E cmake_cl_compile_depends --dep-file=CMakeFiles\cmTC_47e56.dir\CMakeCCompilerABI.c.obj.d --working-dir=C:\MyWork\Task2\cmake-build-debug\CMakeFiles\CMakeTmp --filter-prefix="╧Ёшьхўрэшх: тъы■ўхэшх Їрщыр:  " -- C:\PROGRA~1\MIB055~1\2022\COMMUN~1\VC\Tools\MSVC\1435~1.322\bin\Hostx86\x86\cl.exe @C:\Users\user\AppData\Local\Temp\nm380F.tmp
CMakeCCompilerABI.c
Linking C executable cmTC_47e56.exe
	"C:\Program Files\JetBrains\CLion 2022.3.3\bin\cmake\win\x64\bin\cmake.exe" -E vs_link_exe --intdir=CMakeFiles\cmTC_47e56.dir --rc=C:\PROGRA~2\WI3CF2~1\10\bin\100220~1.0\x86\rc.exe --mt=C:\PROGRA~2\WI3CF2~1\10\bin\100220~1.0\x86\mt.exe --manifests -- C:\PROGRA~1\MIB055~1\2022\COMMUN~1\VC\Tools\MSVC\1435~1.322\bin\Hostx86\x86\link.exe /nologo @CMakeFiles\cmTC_47e56.dir\objects1.rsp @C:\Users\user\AppData\Local\Temp\nm3987.tmp



Detecting CXX compiler ABI info compiled with the following output:
Change Dir: C:/MyWork/Task2/cmake-build-debug/CMakeFiles/CMakeTmp

Run Build Command(s):nmake -f Makefile /nologo cmTC_1a4ed\fast && 	"C:\Program Files\Microsoft Visual Studio\2022\Community\VC\Tools\MSVC\14.35.32215\bin\HostX86\x86\nmake.exe"  -f CMakeFiles\cmTC_1a4ed.dir\build.make /nologo -L                  CMakeFiles\cmTC_1a4ed.dir\build
Building CXX object CMakeFiles/cmTC_1a4ed.dir/CMakeCXXCompilerABI.cpp.obj
	"C:\Program Files\JetBrains\CLion 2022.3.3\bin\cmake\win\x64\bin\cmake.exe" -E cmake_cl_compile_depends --dep-file=CMakeFiles\cmTC_1a4ed.dir\CMakeCXXCompilerABI.cpp.obj.d --working-dir=C:\MyWork\Task2\cmake-build-debug\CMakeFiles\CMakeTmp --filter-prefix="╧Ёшьхўрэшх: тъы■ўхэшх Їрщыр:  " -- C:\PROGRA~1\MIB055~1\2022\COMMUN~1\VC\Tools\MSVC\1435~1.322\bin\Hostx86\x86\cl.exe @C:\Users\user\AppData\Local\Temp\nm3C45.tmp
CMakeCXXCompilerABI.cpp
Linking CXX executable cmTC_1a4ed.exe
	"C:\Program Files\JetBrains\CLion 2022.3.3\bin\cmake\win\x64\bin\cmake.exe" -E vs_link_exe --intdir=CMakeFiles\cmTC_1a4ed.dir --rc=C:\PROGRA~2\WI3CF2~1\10\bin\100220~1.0\x86\rc.exe --mt=C:\PROGRA~2\WI3CF2~1\10\bin\100220~1.0\x86\mt.exe --manifests -- C:\PROGRA~1\MIB055~1\2022\COMMUN~1\VC\Tools\MSVC\1435~1.322\bin\Hostx86\x86\link.exe /nologo @CMakeFiles\cmTC_1a4ed.dir\objects1.rsp @C:\Users\user\AppData\Local\Temp\nm3CB3.tmp



